This is pdfTeX, Version 3.14159265-2.6-1.40.19 (MiKTeX 2.9.6745 64-bit) (preloaded format=pdflatex 2018.8.2)  7 NOV 2018 13:34
entering extended mode
**./dyplom.tex
(dyplom.tex
LaTeX2e <2018-04-01> patch level 5
("C:\Users\vit\AppData\Local\Programs\MiKTeX 2.9\tex\latex\base\article.cls"
Document Class: article 2014/09/29 v1.4h Standard LaTeX document class
("C:\Users\vit\AppData\Local\Programs\MiKTeX 2.9\tex\latex\base\size11.clo"
File: size11.clo 2014/09/29 v1.4h Standard LaTeX file (size option)
)
\c@part=\count80
\c@section=\count81
\c@subsection=\count82
\c@subsubsection=\count83
\c@paragraph=\count84
\c@subparagraph=\count85
\c@figure=\count86
\c@table=\count87
\abovecaptionskip=\skip41
\belowcaptionskip=\skip42
\bibindent=\dimen102
)
("C:\Users\vit\AppData\Local\Programs\MiKTeX 2.9\tex\latex\base\inputenc.sty"
Package: inputenc 2018/04/06 v1.3b Input encoding file
\inpenc@prehook=\toks14
\inpenc@posthook=\toks15
)
("C:\Users\vit\AppData\Local\Programs\MiKTeX 2.9\tex\latex\base\fontenc.sty"
Package: fontenc 2017/04/05 v2.0i Standard LaTeX package

("C:\Users\vit\AppData\Local\Programs\MiKTeX 2.9\tex\latex\base\t1enc.def"
File: t1enc.def 2017/04/05 v2.0i Standard LaTeX file
LaTeX Font Info:    Redeclaring font encoding T1 on input line 48.
))
("C:\Users\vit\AppData\Local\Programs\MiKTeX 2.9\tex\generic\babel\babel.sty"
Package: babel 2018/06/05 3.22 The Babel package

("C:\Users\vit\AppData\Local\Programs\MiKTeX 2.9\tex\generic\babel\switch.def"
File: switch.def 2018/06/05 3.22 Babel switching mechanism
)
*************************************
* Local config file bblopts.cfg used
*
("C:\Users\vit\AppData\Local\Programs\MiKTeX 2.9\tex\latex\arabi\bblopts.cfg"
File: bblopts.cfg 2005/09/08 v0.1 add Arabic and Farsi to "declared" options of
 babel
)
("C:\Users\vit\AppData\Local\Programs\MiKTeX 2.9\tex\latex\babel-polish\polish.
ldf"
Language: polish 2005/03/31 v1.2l Polish support from the babel system

("C:\Users\vit\AppData\Local\Programs\MiKTeX 2.9\tex\generic\babel\babel.def"
File: babel.def 2018/06/05 3.22 Babel common definitions
\babel@savecnt=\count88
\U@D=\dimen103

("C:\Users\vit\AppData\Local\Programs\MiKTeX 2.9\tex\generic\babel\txtbabel.def
")
\bbl@dirlevel=\count89
)
Package babel Info: Making " an active character on input line 83.
\pl@left=\dimen104
\pl@down=\dimen105
\pl@right=\dimen106
\pl@temp=\dimen107
))
("C:\Users\vit\AppData\Local\Programs\MiKTeX 2.9\tex\latex\polski\polski.sty"
Package: polski 2017/05/04 v1.3.4 Polish language package

   Inputenc package detected. Catcodes not changed.
) ("C:\Users\vit\AppData\Local\Programs\MiKTeX 2.9\tex\latex\here\here.sty")
("C:\Users\vit\AppData\Local\Programs\MiKTeX 2.9\tex\latex\float\float.sty"
Package: float 2001/11/08 v1.3d Float enhancements (AL)
\c@float@type=\count90
\float@exts=\toks16
\float@box=\box26
\@float@everytoks=\toks17
\@floatcapt=\box27
)
("C:\Users\vit\AppData\Local\Programs\MiKTeX 2.9\tex\latex\multirow\multirow.st
y"
Package: multirow 2016/11/25 v2.2 Span multiple rows of a table
\multirow@colwidth=\skip43
\multirow@cntb=\count91
\multirow@dima=\skip44
\bigstrutjot=\dimen108
) ("C:\Users\vit\AppData\Local\Programs\MiKTeX 2.9\tex\latex\tools\array.sty"
Package: array 2018/04/30 v2.4h Tabular extension package (FMi)
\col@sep=\dimen109
\ar@mcellbox=\box28
\extrarowheight=\dimen110
\NC@list=\toks18
\extratabsurround=\skip45
\backup@length=\skip46
\ar@cellbox=\box29
) ("C:\Users\vit\AppData\Local\Programs\MiKTeX 2.9\tex\latex\amsmath\amsmath.st
y"
Package: amsmath 2017/09/02 v2.17a AMS math features
\@mathmargin=\skip47

For additional information on amsmath, use the `?' option.
("C:\Users\vit\AppData\Local\Programs\MiKTeX 2.9\tex\latex\amsmath\amstext.sty"
Package: amstext 2000/06/29 v2.01 AMS text
("C:\Users\vit\AppData\Local\Programs\MiKTeX 2.9\tex\latex\amsmath\amsgen.sty"
File: amsgen.sty 1999/11/30 v2.0 generic functions
\@emptytoks=\toks19
\ex@=\dimen111
)) ("C:\Users\vit\AppData\Local\Programs\MiKTeX 2.9\tex\latex\amsmath\amsbsy.st
y"
Package: amsbsy 1999/11/29 v1.2d Bold Symbols
\pmbraise@=\dimen112
) ("C:\Users\vit\AppData\Local\Programs\MiKTeX 2.9\tex\latex\amsmath\amsopn.sty
"
Package: amsopn 2016/03/08 v2.02 operator names
)
\inf@bad=\count92
LaTeX Info: Redefining \frac on input line 213.
\uproot@=\count93
\leftroot@=\count94
LaTeX Info: Redefining \overline on input line 375.
\classnum@=\count95
\DOTSCASE@=\count96
LaTeX Info: Redefining \ldots on input line 472.
LaTeX Info: Redefining \dots on input line 475.
LaTeX Info: Redefining \cdots on input line 596.
\Mathstrutbox@=\box30
\strutbox@=\box31
\big@size=\dimen113
LaTeX Font Info:    Redeclaring font encoding OML on input line 712.
LaTeX Font Info:    Redeclaring font encoding OMS on input line 713.
\macc@depth=\count97
\c@MaxMatrixCols=\count98
\dotsspace@=\muskip10
\c@parentequation=\count99
\dspbrk@lvl=\count100
\tag@help=\toks20
\row@=\count101
\column@=\count102
\maxfields@=\count103
\andhelp@=\toks21
\eqnshift@=\dimen114
\alignsep@=\dimen115
\tagshift@=\dimen116
\tagwidth@=\dimen117
\totwidth@=\dimen118
\lineht@=\dimen119
\@envbody=\toks22
\multlinegap=\skip48
\multlinetaggap=\skip49
\mathdisplay@stack=\toks23
LaTeX Info: Redefining \[ on input line 2817.
LaTeX Info: Redefining \] on input line 2818.
)
("C:\Users\vit\AppData\Local\Programs\MiKTeX 2.9\tex\latex\mathtools\mathtools.
sty"
Package: mathtools 2018/01/08 v1.21 mathematical typesetting tools

("C:\Users\vit\AppData\Local\Programs\MiKTeX 2.9\tex\latex\graphics\keyval.sty"
Package: keyval 2014/10/28 v1.15 key=value parser (DPC)
\KV@toks@=\toks24
) ("C:\Users\vit\AppData\Local\Programs\MiKTeX 2.9\tex\latex\tools\calc.sty"
Package: calc 2017/05/25 v4.3 Infix arithmetic (KKT,FJ)
\calc@Acount=\count104
\calc@Bcount=\count105
\calc@Adimen=\dimen120
\calc@Bdimen=\dimen121
\calc@Askip=\skip50
\calc@Bskip=\skip51
LaTeX Info: Redefining \setlength on input line 80.
LaTeX Info: Redefining \addtolength on input line 81.
\calc@Ccount=\count106
\calc@Cskip=\skip52
)
("C:\Users\vit\AppData\Local\Programs\MiKTeX 2.9\tex\latex\mathtools\mhsetup.st
y"
Package: mhsetup 2017/03/31 v1.3 programming setup (MH)
)
LaTeX Info: Thecontrolsequence`\('isalreadyrobust on input line 129.
LaTeX Info: Thecontrolsequence`\)'isalreadyrobust on input line 129.
LaTeX Info: Thecontrolsequence`\['isalreadyrobust on input line 129.
LaTeX Info: Thecontrolsequence`\]'isalreadyrobust on input line 129.
\g_MT_multlinerow_int=\count107
\l_MT_multwidth_dim=\dimen122
\origjot=\skip53
\l_MT_shortvdotswithinadjustabove_dim=\dimen123
\l_MT_shortvdotswithinadjustbelow_dim=\dimen124
\l_MT_above_intertext_sep=\dimen125
\l_MT_below_intertext_sep=\dimen126
\l_MT_above_shortintertext_sep=\dimen127
\l_MT_below_shortintertext_sep=\dimen128
)
("C:\Users\vit\AppData\Local\Programs\MiKTeX 2.9\tex\latex\oberdiek\listingsutf
8.sty"
Package: listingsutf8 2016/05/16 v1.3 Allow UTF-8 in listings input (HO)

("C:\Users\vit\AppData\Local\Programs\MiKTeX 2.9\tex\latex\listings\listings.st
y"
\lst@mode=\count108
\lst@gtempboxa=\box32
\lst@token=\toks25
\lst@length=\count109
\lst@currlwidth=\dimen129
\lst@column=\count110
\lst@pos=\count111
\lst@lostspace=\dimen130
\lst@width=\dimen131
\lst@newlines=\count112
\lst@lineno=\count113
\lst@maxwidth=\dimen132

("C:\Users\vit\AppData\Local\Programs\MiKTeX 2.9\tex\latex\listings\lstmisc.sty
"
File: lstmisc.sty 2018/09/02 1.7 (Carsten Heinz)
\c@lstnumber=\count114
\lst@skipnumbers=\count115
\lst@framebox=\box33
)
("C:\Users\vit\AppData\Local\Programs\MiKTeX 2.9\tex\latex\listings\listings.cf
g"
File: listings.cfg 2018/09/02 1.7 listings configuration
))
Package: listings 2018/09/02 1.7 (Carsten Heinz)

("C:\Users\vit\AppData\Local\Programs\MiKTeX 2.9\tex\generic\oberdiek\pdftexcmd
s.sty"
Package: pdftexcmds 2018/01/30 v0.27 Utility functions of pdfTeX for LuaTeX (HO
)

("C:\Users\vit\AppData\Local\Programs\MiKTeX 2.9\tex\generic\oberdiek\infwarerr
.sty"
Package: infwarerr 2016/05/16 v1.4 Providing info/warning/error messages (HO)
)
("C:\Users\vit\AppData\Local\Programs\MiKTeX 2.9\tex\generic\oberdiek\ifluatex.
sty"
Package: ifluatex 2016/05/16 v1.4 Provides the ifluatex switch (HO)
Package ifluatex Info: LuaTeX not detected.
)
("C:\Users\vit\AppData\Local\Programs\MiKTeX 2.9\tex\generic\oberdiek\ltxcmds.s
ty"
Package: ltxcmds 2016/05/16 v1.23 LaTeX kernel commands for general use (HO)
)
("C:\Users\vit\AppData\Local\Programs\MiKTeX 2.9\tex\generic\oberdiek\ifpdf.sty
"
Package: ifpdf 2017/03/15 v3.2 Provides the ifpdf switch
)
Package pdftexcmds Info: LuaTeX not detected.
Package pdftexcmds Info: \pdf@primitive is available.
Package pdftexcmds Info: \pdf@ifprimitive is available.
Package pdftexcmds Info: \pdfdraftmode found.
)
("C:\Users\vit\AppData\Local\Programs\MiKTeX 2.9\tex\generic\oberdiek\stringenc
.sty"
Package: stringenc 2016/05/16 v1.11 Convert strings between diff. encodings (HO
)

("C:\Users\vit\AppData\Local\Programs\MiKTeX 2.9\tex\generic\oberdiek\pdfescape
.sty"
Package: pdfescape 2016/05/16 v1.14 Implements pdfTeX's escape features (HO)
)))
("C:\Users\vit\AppData\Local\Programs\MiKTeX 2.9\tex\latex\graphics\color.sty"
Package: color 2016/07/10 v1.1e Standard LaTeX Color (DPC)

("C:\Users\vit\AppData\Local\Programs\MiKTeX 2.9\tex\latex\graphics-cfg\color.c
fg"
File: color.cfg 2016/01/02 v1.6 sample color configuration
)
Package color Info: Driver file: pdftex.def on input line 147.

("C:\Users\vit\AppData\Local\Programs\MiKTeX 2.9\tex\latex\graphics-def\pdftex.
def"
File: pdftex.def 2018/01/08 v1.0l Graphics/color driver for pdftex
))
("C:\Users\vit\AppData\Local\Programs\MiKTeX 2.9\tex\latex\graphics\graphicx.st
y"
Package: graphicx 2017/06/01 v1.1a Enhanced LaTeX Graphics (DPC,SPQR)

("C:\Users\vit\AppData\Local\Programs\MiKTeX 2.9\tex\latex\graphics\graphics.st
y"
Package: graphics 2017/06/25 v1.2c Standard LaTeX Graphics (DPC,SPQR)
 ("C:\Users\vit\AppData\Local\Programs\MiKTeX 2.9\tex\latex\graphics\trig.sty"
Package: trig 2016/01/03 v1.10 sin cos tan (DPC)
)
("C:\Users\vit\AppData\Local\Programs\MiKTeX 2.9\tex\latex\graphics-cfg\graphic
s.cfg"
File: graphics.cfg 2016/06/04 v1.11 sample graphics configuration
)
Package graphics Info: Driver file: pdftex.def on input line 99.
)
\Gin@req@height=\dimen133
\Gin@req@width=\dimen134
)
("C:\Users\vit\AppData\Local\Programs\MiKTeX 2.9\tex\latex\geometry\geometry.st
y"
Package: geometry 2018/04/16 v5.8 Page Geometry

("C:\Users\vit\AppData\Local\Programs\MiKTeX 2.9\tex\generic\oberdiek\ifvtex.st
y"
Package: ifvtex 2016/05/16 v1.6 Detect VTeX and its facilities (HO)
Package ifvtex Info: VTeX not detected.
)
("C:\Users\vit\AppData\Local\Programs\MiKTeX 2.9\tex\generic\ifxetex\ifxetex.st
y"
Package: ifxetex 2010/09/12 v0.6 Provides ifxetex conditional
)
\Gm@cnth=\count116
\Gm@cntv=\count117
\c@Gm@tempcnt=\count118
\Gm@bindingoffset=\dimen135
\Gm@wd@mp=\dimen136
\Gm@odd@mp=\dimen137
\Gm@even@mp=\dimen138
\Gm@layoutwidth=\dimen139
\Gm@layoutheight=\dimen140
\Gm@layouthoffset=\dimen141
\Gm@layoutvoffset=\dimen142
\Gm@dimlist=\toks26

("C:\Users\vit\AppData\Local\Programs\MiKTeX 2.9\tex\latex\geometry\geometry.cf
g")) (dyplom.aux)
\openout1 = `dyplom.aux'.

LaTeX Font Info:    Checking defaults for OML/cmm/m/it on input line 29.
LaTeX Font Info:    ... okay on input line 29.
LaTeX Font Info:    Checking defaults for T1/cmr/m/n on input line 29.
LaTeX Font Info:    ... okay on input line 29.
LaTeX Font Info:    Checking defaults for OT1/cmr/m/n on input line 29.
LaTeX Font Info:    ... okay on input line 29.
LaTeX Font Info:    Checking defaults for OMS/cmsy/m/n on input line 29.
LaTeX Font Info:    ... okay on input line 29.
LaTeX Font Info:    Checking defaults for OMX/cmex/m/n on input line 29.
LaTeX Font Info:    ... okay on input line 29.
LaTeX Font Info:    Checking defaults for U/cmr/m/n on input line 29.
LaTeX Font Info:    ... okay on input line 29.
\c@lstlisting=\count119

("C:\Users\vit\AppData\Local\Programs\MiKTeX 2.9\tex\context\base\supp-pdf.mkii
"
[Loading MPS to PDF converter (version 2006.09.02).]
\scratchcounter=\count120
\scratchdimen=\dimen143
\scratchbox=\box34
\nofMPsegments=\count121
\nofMParguments=\count122
\everyMPshowfont=\toks27
\MPscratchCnt=\count123
\MPscratchDim=\dimen144
\MPnumerator=\count124
\makeMPintoPDFobject=\count125
\everyMPtoPDFconversion=\toks28
)
("C:\Users\vit\AppData\Local\Programs\MiKTeX 2.9\tex\latex\oberdiek\epstopdf-ba
se.sty"
Package: epstopdf-base 2016/05/15 v2.6 Base part for package epstopdf

("C:\Users\vit\AppData\Local\Programs\MiKTeX 2.9\tex\latex\oberdiek\grfext.sty"
Package: grfext 2016/05/16 v1.2 Manage graphics extensions (HO)

("C:\Users\vit\AppData\Local\Programs\MiKTeX 2.9\tex\generic\oberdiek\kvdefinek
eys.sty"
Package: kvdefinekeys 2016/05/16 v1.4 Define keys (HO)
))
("C:\Users\vit\AppData\Local\Programs\MiKTeX 2.9\tex\latex\oberdiek\kvoptions.s
ty"
Package: kvoptions 2016/05/16 v3.12 Key value format for package options (HO)

("C:\Users\vit\AppData\Local\Programs\MiKTeX 2.9\tex\generic\oberdiek\kvsetkeys
.sty"
Package: kvsetkeys 2016/05/16 v1.17 Key value parser (HO)

("C:\Users\vit\AppData\Local\Programs\MiKTeX 2.9\tex\generic\oberdiek\etexcmds.
sty"
Package: etexcmds 2016/05/16 v1.6 Avoid name clashes with e-TeX commands (HO)
Package etexcmds Info: Could not find \expanded.
(etexcmds)             That can mean that you are not using pdfTeX 1.50 or
(etexcmds)             that some package has redefined \expanded.
(etexcmds)             In the latter case, load this package earlier.
)))
Package epstopdf-base Info: Redefining graphics rule for `.eps' on input line 4
38.
Package grfext Info: Graphics extension search list:
(grfext)             [.pdf,.png,.jpg,.mps,.jpeg,.jbig2,.jb2,.PDF,.PNG,.JPG,.JPE
G,.JBIG2,.JB2,.eps]
(grfext)             \AppendGraphicsExtensions on input line 456.
)
*geometry* driver: auto-detecting
*geometry* detected driver: pdftex
*geometry* verbose mode - [ preamble ] result:
* driver: pdftex
* paper: a4paper
* layout: <same size as paper>
* layoutoffset:(h,v)=(0.0pt,0.0pt)
* modes: 
* h-part:(L,W,R)=(56.9055pt, 455.24411pt, 85.35826pt)
* v-part:(T,H,B)=(71.13188pt, 702.78308pt, 71.13188pt)
* \paperwidth=597.50787pt
* \paperheight=845.04684pt
* \textwidth=455.24411pt
* \textheight=702.78308pt
* \oddsidemargin=-15.36449pt
* \evensidemargin=-15.36449pt
* \topmargin=-38.1381pt
* \headheight=12.0pt
* \headsep=25.0pt
* \topskip=11.0pt
* \footskip=30.0pt
* \marginparwidth=50.0pt
* \marginparsep=10.0pt
* \columnsep=10.0pt
* \skip\footins=10.0pt plus 4.0pt minus 2.0pt
* \hoffset=0.0pt
* \voffset=0.0pt
* \mag=1000
* \@twocolumnfalse
* \@twosidefalse
* \@mparswitchfalse
* \@reversemarginfalse
* (1in=72.27pt=25.4mm, 1cm=28.453pt)

(dyplom-title.tex
<Images/logo2.png, id=1, 307.74976pt x 68.05424pt>
File: Images/logo2.png Graphic file (type png)
<use Images/logo2.png>
Package pdftex.def Info: Images/logo2.png  used on input line 4.
(pdftex.def)             Requested size: 273.14923pt x 60.40814pt.
 [1

{C:/Users/vit/AppData/Local/MiKTeX/2.9/pdftex/config/pdftex.map} <./Images/logo
2.png>]) (dyplom-streszczenie.tex [1] [2] [3] [4] [5])
(dyplom.toc)
\tf@toc=\write3
\openout3 = `dyplom.toc'.

 (dyplom-wlasciwosci.tex [6]
LaTeX Font Info:    Try loading font information for OMS+cmr on input line 16.

("C:\Users\vit\AppData\Local\Programs\MiKTeX 2.9\tex\latex\base\omscmr.fd"
File: omscmr.fd 2014/09/29 v2.5h Standard LaTeX font definitions
)
LaTeX Font Info:    Font shape `OMS/cmr/m/n' in size <10.95> not available
(Font)              Font shape `OMS/cmsy/m/n' tried instead on input line 16.
<Images/Wlasciwosci/GaS/GaS_vesta.png, id=38, 542.025pt x 315.579pt>
File: Images/Wlasciwosci/GaS/GaS_vesta.png Graphic file (type png)
<use Images/Wlasciwosci/GaS/GaS_vesta.png>
Package pdftex.def Info: Images/Wlasciwosci/GaS/GaS_vesta.png  used on input li
ne 23.
(pdftex.def)             Requested size: 295.90588pt x 172.2881pt.

[7 <./Images/Wlasciwosci/GaS/GaS_vesta.png>]
<Images/Wlasciwosci/Przekroj_Ga2S3.png, id=46, 522.15076pt x 211.992pt>
File: Images/Wlasciwosci/Przekroj_Ga2S3.png Graphic file (type png)
<use Images/Wlasciwosci/Przekroj_Ga2S3.png>
Package pdftex.def Info: Images/Wlasciwosci/Przekroj_Ga2S3.png  used on input l
ine 49.
(pdftex.def)             Requested size: 455.24411pt x 184.83588pt.
<Images/Wlasciwosci/Ga2S3/Cc/Ga2S3_a.png, id=47, 408.92775pt x 271.0125pt>
File: Images/Wlasciwosci/Ga2S3/Cc/Ga2S3_a.png Graphic file (type png)
<use Images/Wlasciwosci/Ga2S3/Cc/Ga2S3_a.png>
Package pdftex.def Info: Images/Wlasciwosci/Ga2S3/Cc/Ga2S3_a.png  used on input
 line 56.
(pdftex.def)             Requested size: 213.96529pt x 141.80399pt.
<Images/Wlasciwosci/Ga2S3/Cc/Ga2S3_b.png, id=48, 445.06274pt x 346.896pt>
File: Images/Wlasciwosci/Ga2S3/Cc/Ga2S3_b.png Graphic file (type png)
<use Images/Wlasciwosci/Ga2S3/Cc/Ga2S3_b.png>
Package pdftex.def Info: Images/Wlasciwosci/Ga2S3/Cc/Ga2S3_b.png  used on input
 line 60.
(pdftex.def)             Requested size: 213.96529pt x 166.77284pt.
<Images/Wlasciwosci/Ga2S3/Cc/Ga2S3_c.png, id=49, 405.9165pt x 274.626pt>
File: Images/Wlasciwosci/Ga2S3/Cc/Ga2S3_c.png Graphic file (type png)
<use Images/Wlasciwosci/Ga2S3/Cc/Ga2S3_c.png>
Package pdftex.def Info: Images/Wlasciwosci/Ga2S3/Cc/Ga2S3_c.png  used on input
 line 64.
(pdftex.def)             Requested size: 213.96529pt x 144.75908pt.
<Images/Wlasciwosci/Ga2S3/Cc/Ga2S3_vesta.png, id=50, 516.12825pt x 344.487pt>
File: Images/Wlasciwosci/Ga2S3/Cc/Ga2S3_vesta.png Graphic file (type png)
<use Images/Wlasciwosci/Ga2S3/Cc/Ga2S3_vesta.png>
Package pdftex.def Info: Images/Wlasciwosci/Ga2S3/Cc/Ga2S3_vesta.png  used on i
nput line 68.
(pdftex.def)             Requested size: 213.96529pt x 142.80699pt.
<Images/Wlasciwosci/Ga2S3/Bb/Ga2S3_a.png, id=51, 366.168pt x 253.54726pt>
File: Images/Wlasciwosci/Ga2S3/Bb/Ga2S3_a.png Graphic file (type png)
<use Images/Wlasciwosci/Ga2S3/Bb/Ga2S3_a.png>
Package pdftex.def Info: Images/Wlasciwosci/Ga2S3/Bb/Ga2S3_a.png  used on input
 line 72.
(pdftex.def)             Requested size: 213.96529pt x 148.16011pt.
<Images/Wlasciwosci/Ga2S3/Bb/Ga2S3_b.png, id=52, 364.9635pt x 254.75175pt>
File: Images/Wlasciwosci/Ga2S3/Bb/Ga2S3_b.png Graphic file (type png)
<use Images/Wlasciwosci/Ga2S3/Bb/Ga2S3_b.png>
Package pdftex.def Info: Images/Wlasciwosci/Ga2S3/Bb/Ga2S3_b.png  used on input
 line 76.
(pdftex.def)             Requested size: 213.96529pt x 149.35374pt.
<Images/Wlasciwosci/Ga2S3/Bb/Ga2S3_c.png, id=53, 534.19576pt x 284.86424pt>
File: Images/Wlasciwosci/Ga2S3/Bb/Ga2S3_c.png Graphic file (type png)
<use Images/Wlasciwosci/Ga2S3/Bb/Ga2S3_c.png>
Package pdftex.def Info: Images/Wlasciwosci/Ga2S3/Bb/Ga2S3_c.png  used on input
 line 80.
(pdftex.def)             Requested size: 213.96529pt x 114.10014pt.
<Images/Wlasciwosci/Ga2S3/Bb/Ga2S3_vesta.png, id=54, 557.08125pt x 324.61275pt>

File: Images/Wlasciwosci/Ga2S3/Bb/Ga2S3_vesta.png Graphic file (type png)
<use Images/Wlasciwosci/Ga2S3/Bb/Ga2S3_vesta.png>
Package pdftex.def Info: Images/Wlasciwosci/Ga2S3/Bb/Ga2S3_vesta.png  used on i
nput line 84.
(pdftex.def)             Requested size: 213.96529pt x 124.67662pt.
 [8 <./Images/Wlasciwosci/Przekroj_Ga2S3.png>]
Overfull \vbox (22.63684pt too high) has occurred while \output is active []


[9 <./Images/Wlasciwosci/Ga2S3/Cc/Ga2S3_a.png> <./Images/Wlasciwosci/Ga2S3/Cc/G
a2S3_b.png> <./Images/Wlasciwosci/Ga2S3/Cc/Ga2S3_c.png> <./Images/Wlasciwosci/G
a2S3/Cc/Ga2S3_vesta.png> <./Images/Wlasciwosci/Ga2S3/Bb/Ga2S3_a.png> <./Images/
Wlasciwosci/Ga2S3/Bb/Ga2S3_b.png> <./Images/Wlasciwosci/Ga2S3/Bb/Ga2S3_c.png> <
./Images/Wlasciwosci/Ga2S3/Bb/Ga2S3_vesta.png>]
<Images/Wlasciwosci/Ga2S3/alfa/Ga2S3_a.png, id=73, 341.47575pt x 288.47775pt>
File: Images/Wlasciwosci/Ga2S3/alfa/Ga2S3_a.png Graphic file (type png)
<use Images/Wlasciwosci/Ga2S3/alfa/Ga2S3_a.png>
Package pdftex.def Info: Images/Wlasciwosci/Ga2S3/alfa/Ga2S3_a.png  used on inp
ut line 93.
(pdftex.def)             Requested size: 213.96529pt x 180.76033pt.
<Images/Wlasciwosci/Ga2S3/alfa/Ga2S3_b.png, id=74, 446.26724pt x 302.93175pt>
File: Images/Wlasciwosci/Ga2S3/alfa/Ga2S3_b.png Graphic file (type png)
<use Images/Wlasciwosci/Ga2S3/alfa/Ga2S3_b.png>
Package pdftex.def Info: Images/Wlasciwosci/Ga2S3/alfa/Ga2S3_b.png  used on inp
ut line 97.
(pdftex.def)             Requested size: 213.96529pt x 145.23917pt.
<Images/Wlasciwosci/Ga2S3/alfa/Ga2S3_c.png, id=75, 397.485pt x 306.54526pt>
File: Images/Wlasciwosci/Ga2S3/alfa/Ga2S3_c.png Graphic file (type png)
<use Images/Wlasciwosci/Ga2S3/alfa/Ga2S3_c.png>
Package pdftex.def Info: Images/Wlasciwosci/Ga2S3/alfa/Ga2S3_c.png  used on inp
ut line 101.
(pdftex.def)             Requested size: 213.96529pt x 165.01744pt.
<Images/Wlasciwosci/Ga2S3/alfa/Ga2S3_vesta.png, id=76, 504.6855pt x 328.22626pt
>
File: Images/Wlasciwosci/Ga2S3/alfa/Ga2S3_vesta.png Graphic file (type png)
<use Images/Wlasciwosci/Ga2S3/alfa/Ga2S3_vesta.png>
Package pdftex.def Info: Images/Wlasciwosci/Ga2S3/alfa/Ga2S3_vesta.png  used on
 input line 105.
(pdftex.def)             Requested size: 213.96529pt x 139.15625pt.
<Images/Wlasciwosci/Ga2S3/beta/Ga2S3_a.png, id=77, 348.70274pt x 397.485pt>
File: Images/Wlasciwosci/Ga2S3/beta/Ga2S3_a.png Graphic file (type png)
<use Images/Wlasciwosci/Ga2S3/beta/Ga2S3_a.png>
Package pdftex.def Info: Images/Wlasciwosci/Ga2S3/beta/Ga2S3_a.png  used on inp
ut line 115.
(pdftex.def)             Requested size: 213.96529pt x 243.90292pt.
<Images/Wlasciwosci/Ga2S3/beta/Ga2S3_b.png, id=78, 442.0515pt x 296.307pt>
File: Images/Wlasciwosci/Ga2S3/beta/Ga2S3_b.png Graphic file (type png)
<use Images/Wlasciwosci/Ga2S3/beta/Ga2S3_b.png>
Package pdftex.def Info: Images/Wlasciwosci/Ga2S3/beta/Ga2S3_b.png  used on inp
ut line 119.
(pdftex.def)             Requested size: 213.96529pt x 143.41936pt.
<Images/Wlasciwosci/Ga2S3/beta/Ga2S3_c.png, id=79, 375.804pt x 286.06876pt>
File: Images/Wlasciwosci/Ga2S3/beta/Ga2S3_c.png Graphic file (type png)
<use Images/Wlasciwosci/Ga2S3/beta/Ga2S3_c.png>
Package pdftex.def Info: Images/Wlasciwosci/Ga2S3/beta/Ga2S3_c.png  used on inp
ut line 123.
(pdftex.def)             Requested size: 213.96529pt x 162.87318pt.
<Images/Wlasciwosci/Ga2S3/beta/Ga2S3_vesta.png, id=80, 449.2785pt x 428.19975pt
>
File: Images/Wlasciwosci/Ga2S3/beta/Ga2S3_vesta.png Graphic file (type png)
<use Images/Wlasciwosci/Ga2S3/beta/Ga2S3_vesta.png>
Package pdftex.def Info: Images/Wlasciwosci/Ga2S3/beta/Ga2S3_vesta.png  used on
 input line 127.
(pdftex.def)             Requested size: 213.96529pt x 203.92622pt.
 [10 <./Images/Wlasciwosci/Ga2S3/alfa/Ga2S3_a.png> <./Images/Wlasciwosci/Ga2S3/
alfa/Ga2S3_b.png> <./Images/Wlasciwosci/Ga2S3/alfa/Ga2S3_c.png> <./Images/Wlasc
iwosci/Ga2S3/alfa/Ga2S3_vesta.png>]
<Images/Wlasciwosci/Ga2S3/gamma/Ga2S3_vesta.png, id=89, 494.44725pt x 396.2805p
t>
File: Images/Wlasciwosci/Ga2S3/gamma/Ga2S3_vesta.png Graphic file (type png)
<use Images/Wlasciwosci/Ga2S3/gamma/Ga2S3_vesta.png>
Package pdftex.def Info: Images/Wlasciwosci/Ga2S3/gamma/Ga2S3_vesta.png  used o
n input line 137.
(pdftex.def)             Requested size: 171.17287pt x 137.18855pt.
<Images/Wlasciwosci/Ga2S3/gamma/Ga2S3_a.png, id=90, 386.04225pt x 311.36325pt>
File: Images/Wlasciwosci/Ga2S3/gamma/Ga2S3_a.png Graphic file (type png)
<use Images/Wlasciwosci/Ga2S3/gamma/Ga2S3_a.png>
Package pdftex.def Info: Images/Wlasciwosci/Ga2S3/gamma/Ga2S3_a.png  used on in
put line 141.
(pdftex.def)             Requested size: 171.17287pt x 138.05972pt.
 [11 <./Images/Wlasciwosci/Ga2S3/beta/Ga2S3_a.png> <./Images/Wlasciwosci/Ga2S3/
beta/Ga2S3_b.png> <./Images/Wlasciwosci/Ga2S3/beta/Ga2S3_c.png> <./Images/Wlasc
iwosci/Ga2S3/beta/Ga2S3_vesta.png>]
Overfull \hbox (32.64008pt too wide) in paragraph at lines 151--162
[][] 
 []


Overfull \hbox (54.3136pt too wide) in paragraph at lines 174--175
[][][][][][][][][][][][][][][][][][][][][][][][][] 
 []


Overfull \hbox (8.58406pt too wide) in paragraph at lines 175--176
[][][][][][][][][][][][][][][][][][][][][][][][][][][] 
 []

[12 <./Images/Wlasciwosci/Ga2S3/gamma/Ga2S3_vesta.png> <./Images/Wlasciwosci/Ga
2S3/gamma/Ga2S3_a.png>]
Overfull \hbox (34.71523pt too wide) in paragraph at lines 184--185
[][][][][][][][][][][][][][][][][][][][][][][] 
 []


Overfull \hbox (41.24802pt too wide) in paragraph at lines 194--195
[][][][][][][][][][][][][][][][][][][][] 
 []

[13]
Overfull \hbox (41.24802pt too wide) in paragraph at lines 248--249
[][][][][][][][][][][][][][][][][][][] 
 []


Overfull \hbox (41.24802pt too wide) in paragraph at lines 249--250
[][][][][][][][][][][][][][][][][][][] 
 []


Overfull \hbox (54.3136pt too wide) in paragraph at lines 250--251
[][][][][][][][][][][][][][][][][][][] 
 []


Overfull \hbox (54.3136pt too wide) in paragraph at lines 251--252
[][][][][][][][][][][][][][][][][][][] 
 []


Overfull \hbox (54.3136pt too wide) in paragraph at lines 252--253
[][][][][][][][][][][][][][][][][][][] 
 []

[14]
<Images/Wlasciwosci/Widmo-absorpcji-Ga2S3.png, id=110, 356.532pt x 216.81pt>
File: Images/Wlasciwosci/Widmo-absorpcji-Ga2S3.png Graphic file (type png)
<use Images/Wlasciwosci/Widmo-absorpcji-Ga2S3.png>
Package pdftex.def Info: Images/Wlasciwosci/Widmo-absorpcji-Ga2S3.png  used on 
input line 281.
(pdftex.def)             Requested size: 364.19667pt x 221.48732pt.

Overfull \hbox (0.86354pt too wide) in paragraph at lines 287--288
\T1/cmr/m/n/10.95 swoj¡ sko-±n¡ i sze-rok¡ prze-rw¦ ener-ge-tyczn¡). Struk-tura
 cien-ko-war-stwowa Ga2S3/In/Ga2S3
 []

[15 <./Images/Wlasciwosci/Widmo-absorpcji-Ga2S3.png>]
<Images/Wlasciwosci/Raman-Ga2S3.png, id=115, 611.28375pt x 334.24875pt>
File: Images/Wlasciwosci/Raman-Ga2S3.png Graphic file (type png)
<use Images/Wlasciwosci/Raman-Ga2S3.png>
Package pdftex.def Info: Images/Wlasciwosci/Raman-Ga2S3.png  used on input line
 306.
(pdftex.def)             Requested size: 455.24411pt x 248.92636pt.
 [16 <./Images/Wlasciwosci/Raman-Ga2S3.png>]) (dyplom-Rozpraszanie-Ramanowskie.
tex [17] [18]
<Images/Rozpraszanie-Ramanowskie/Schemat-widma-Ramanowskiego.png, id=128, 419.7
6825pt x 222.8325pt>
File: Images/Rozpraszanie-Ramanowskie/Schemat-widma-Ramanowskiego.png Graphic f
ile (type png)
<use Images/Rozpraszanie-Ramanowskie/Schemat-widma-Ramanowskiego.png>
Package pdftex.def Info: Images/Rozpraszanie-Ramanowskie/Schemat-widma-Ramanows
kiego.png  used on input line 63.
(pdftex.def)             Requested size: 455.24411pt x 241.67215pt.
 [19]
<Images/Rozpraszanie-Ramanowskie/Raman-Energy.png, id=133, 615.4995pt x 303.534
pt>
File: Images/Rozpraszanie-Ramanowskie/Raman-Energy.png Graphic file (type png)
<use Images/Rozpraszanie-Ramanowskie/Raman-Energy.png>
Package pdftex.def Info: Images/Rozpraszanie-Ramanowskie/Raman-Energy.png  used
 on input line 83.
(pdftex.def)             Requested size: 455.24411pt x 224.51437pt.

[20 <./Images/Rozpraszanie-Ramanowskie/Schemat-widma-Ramanowskiego.png>]
<Images/Rozpraszanie-Ramanowskie/Point-Dipol.png, id=138, 398.6895pt x 314.3745
pt>
File: Images/Rozpraszanie-Ramanowskie/Point-Dipol.png Graphic file (type png)
<use Images/Rozpraszanie-Ramanowskie/Point-Dipol.png>
Package pdftex.def Info: Images/Rozpraszanie-Ramanowskie/Point-Dipol.png  used 
on input line 103.
(pdftex.def)             Requested size: 273.14923pt x 215.38359pt.

[21 <./Images/Rozpraszanie-Ramanowskie/Raman-Energy.png>] [22 <./Images/Rozpras
zanie-Ramanowskie/Point-Dipol.png>]
<Images/Rozpraszanie-Ramanowskie/Raman-Shift.png, id=147, 673.3155pt x 434.8245
pt>
File: Images/Rozpraszanie-Ramanowskie/Raman-Shift.png Graphic file (type png)
<use Images/Rozpraszanie-Ramanowskie/Raman-Shift.png>
Package pdftex.def Info: Images/Rozpraszanie-Ramanowskie/Raman-Shift.png  used 
on input line 130.
(pdftex.def)             Requested size: 364.19667pt x 235.19318pt.
) (dyplom-Rozpraszanie-Ramanowskie-2.tex
[23 <./Images/Rozpraszanie-Ramanowskie/Raman-Shift.png>]
<Images/Rozpraszanie-Ramanowskie-Ciekie/Phonons.png, id=152, 509.5035pt x 467.9
4826pt>
File: Images/Rozpraszanie-Ramanowskie-Ciekie/Phonons.png Graphic file (type png
)
<use Images/Rozpraszanie-Ramanowskie-Ciekie/Phonons.png>
Package pdftex.def Info: Images/Rozpraszanie-Ramanowskie-Ciekie/Phonons.png  us
ed on input line 20.
(pdftex.def)             Requested size: 273.14923pt x 250.86751pt.
 [24 <./Images/Rozpraszanie-Ramanowskie-Ciekie/Phonons.png>]
<Images/Rozpraszanie-Ramanowskie-Ciekie/PhononsCenter.png, id=158, 509.5035pt x
 467.94826pt>
File: Images/Rozpraszanie-Ramanowskie-Ciekie/PhononsCenter.png Graphic file (ty
pe png)
<use Images/Rozpraszanie-Ramanowskie-Ciekie/PhononsCenter.png>
Package pdftex.def Info: Images/Rozpraszanie-Ramanowskie-Ciekie/PhononsCenter.p
ng  used on input line 54.
(pdftex.def)             Requested size: 273.14923pt x 250.86751pt.
 [25 <./Images/Rozpraszanie-Ramanowskie-Ciekie/PhononsCenter.png>]
<Images/Full_width_at_half_maximum.png, id=164, 339.2675pt x 189.70876pt>
File: Images/Full_width_at_half_maximum.png Graphic file (type png)
<use Images/Full_width_at_half_maximum.png>
Package pdftex.def Info: Images/Full_width_at_half_maximum.png  used on input l
ine 95.
(pdftex.def)             Requested size: 364.19667pt x 203.65793pt.
 [26 <./Images/Full_width_at_half_maximum.png>]
<Images/Rozpraszanie-Ramanowskie-Ciekie/PhononsCenterQuantum.png, id=170, 509.5
035pt x 467.94826pt>
File: Images/Rozpraszanie-Ramanowskie-Ciekie/PhononsCenterQuantum.png Graphic f
ile (type png)
<use Images/Rozpraszanie-Ramanowskie-Ciekie/PhononsCenterQuantum.png>
Package pdftex.def Info: Images/Rozpraszanie-Ramanowskie-Ciekie/PhononsCenterQu
antum.png  used on input line 123.
(pdftex.def)             Requested size: 273.14923pt x 250.86751pt.
<Images/Rozpraszanie-Ramanowskie-Ciekie/piki.png, id=171, 399.29175pt x 261.978
74pt>
File: Images/Rozpraszanie-Ramanowskie-Ciekie/piki.png Graphic file (type png)
<use Images/Rozpraszanie-Ramanowskie-Ciekie/piki.png>
Package pdftex.def Info: Images/Rozpraszanie-Ramanowskie-Ciekie/piki.png  used 
on input line 132.
(pdftex.def)             Requested size: 318.66948pt x 209.08359pt.

[27 <./Images/Rozpraszanie-Ramanowskie-Ciekie/PhononsCenterQuantum.png>]
<Images/Rozpraszanie-Ramanowskie-Ciekie/Phonons_opposite.png, id=176, 509.5035p
t x 467.94826pt>
File: Images/Rozpraszanie-Ramanowskie-Ciekie/Phonons_opposite.png Graphic file 
(type png)
<use Images/Rozpraszanie-Ramanowskie-Ciekie/Phonons_opposite.png>
Package pdftex.def Info: Images/Rozpraszanie-Ramanowskie-Ciekie/Phonons_opposit
e.png  used on input line 144.
(pdftex.def)             Requested size: 250.38564pt x 229.9607pt.

[28 <./Images/Rozpraszanie-Ramanowskie-Ciekie/piki.png> <./Images/Rozpraszanie-
Ramanowskie-Ciekie/Phonons_opposite.png>]
<Images/Wlasciwosci/Spectre-polarization-Ga2S3.png, id=182, 368.577pt x 280.648
5pt>
File: Images/Wlasciwosci/Spectre-polarization-Ga2S3.png Graphic file (type png)

<use Images/Wlasciwosci/Spectre-polarization-Ga2S3.png>
Package pdftex.def Info: Images/Wlasciwosci/Spectre-polarization-Ga2S3.png  use
d on input line 157.
(pdftex.def)             Requested size: 364.19667pt x 277.32042pt.
<Images/Wlasciwosci/Raman-Tensor.png, id=183, 273.27094pt x 100.87688pt>
File: Images/Wlasciwosci/Raman-Tensor.png Graphic file (type png)
<use Images/Wlasciwosci/Raman-Tensor.png>
Package pdftex.def Info: Images/Wlasciwosci/Raman-Tensor.png  used on input lin
e 179.
(pdftex.def)             Requested size: 227.62206pt x 84.02638pt.
 [29 <./Images/Wlasciwosci/Spectre-polarization-Ga2S3.png>]) (dyplom-przygotowa
nie-probek-do-badan.tex [30 <./Images/Wlasciwosci/Raman-Tensor.png>]
<Images/Przygotowania/Uklad-pomiarowy.png, id=193, 749.199pt x 427.5975pt>
File: Images/Przygotowania/Uklad-pomiarowy.png Graphic file (type png)
<use Images/Przygotowania/Uklad-pomiarowy.png>
Package pdftex.def Info: Images/Przygotowania/Uklad-pomiarowy.png  used on inpu
t line 9.
(pdftex.def)             Requested size: 455.24411pt x 259.82277pt.
 [31 <./Images/Przygotowania/Uklad-pomiarowy.png>]
<Images/Przygotowania/Spektroskop.png, id=198, 377.775pt x 212.5395pt>
File: Images/Przygotowania/Spektroskop.png Graphic file (type png)
<use Images/Przygotowania/Spektroskop.png>
Package pdftex.def Info: Images/Przygotowania/Spektroskop.png  used on input li
ne 49.
(pdftex.def)             Requested size: 364.19667pt x 204.91122pt.
 [32]
<Images/Przygotowania/SLA39-50x-plytkiGa2S3.png, id=202, 566.115pt x 361.35pt>
File: Images/Przygotowania/SLA39-50x-plytkiGa2S3.png Graphic file (type png)
<use Images/Przygotowania/SLA39-50x-plytkiGa2S3.png>
Package pdftex.def Info: Images/Przygotowania/SLA39-50x-plytkiGa2S3.png  used o
n input line 72.
(pdftex.def)             Requested size: 182.09833pt x 116.22984pt.
<Images/Przygotowania/long50x.png, id=203, 566.115pt x 361.35pt>
File: Images/Przygotowania/long50x.png Graphic file (type png)
<use Images/Przygotowania/long50x.png>
Package pdftex.def Info: Images/Przygotowania/long50x.png  used on input line 7
6.
(pdftex.def)             Requested size: 182.09833pt x 116.22984pt.

Overfull \hbox (2.42162pt too wide) in paragraph at lines 71--78
[]$[]$  $[]$ 
 []

[33 <./Images/Przygotowania/Spektroskop.png>]
<Images/Wlasciwosci/SLA39_MIX_5000.jpg, id=207, 3597.44pt x 3315.38625pt>
File: Images/Wlasciwosci/SLA39_MIX_5000.jpg Graphic file (type jpg)
<use Images/Wlasciwosci/SLA39_MIX_5000.jpg>
Package pdftex.def Info: Images/Wlasciwosci/SLA39_MIX_5000.jpg  used on input l
ine 83.
(pdftex.def)             Requested size: 149.77504pt x 138.00584pt.
<Images/Wlasciwosci/SLA39_MIX_10000.jpg, id=208, 3597.44pt x 3315.38625pt>
File: Images/Wlasciwosci/SLA39_MIX_10000.jpg Graphic file (type jpg)
<use Images/Wlasciwosci/SLA39_MIX_10000.jpg>
Package pdftex.def Info: Images/Wlasciwosci/SLA39_MIX_10000.jpg  used on input 
line 87.
(pdftex.def)             Requested size: 149.77504pt x 138.00584pt.
<Images/Przygotowania/SEM.png, id=209, 284.262pt x 228.25275pt>
File: Images/Przygotowania/SEM.png Graphic file (type png)
<use Images/Przygotowania/SEM.png>
Package pdftex.def Info: Images/Przygotowania/SEM.png  used on input line 94.
(pdftex.def)             Requested size: 250.38564pt x 201.05806pt.
 [34 <./Images/Przygotowania/SLA39-50x-plytkiGa2S3.png> <./Images/Przygotowania
/long50x.png> <./Images/Wlasciwosci/SLA39_MIX_5000.jpg> <./Images/Wlasciwosci/S
LA39_MIX_10000.jpg> <./Images/Przygotowania/SEM.png>]) (dyplom-wyniki-badan.tex
 [35]
<Images/Wyniki/Raman/plotGapWithGa2S3.png, id=218, 578.16pt x 418.56375pt>
File: Images/Wyniki/Raman/plotGapWithGa2S3.png Graphic file (type png)
<use Images/Wyniki/Raman/plotGapWithGa2S3.png>
Package pdftex.def Info: Images/Wyniki/Raman/plotGapWithGa2S3.png  used on inpu
t line 9.
(pdftex.def)             Requested size: 364.19667pt x 263.65822pt.
<Images/Wyniki/Raman/plotGaP.png, id=219, 578.16pt x 418.56375pt>
File: Images/Wyniki/Raman/plotGaP.png Graphic file (type png)
<use Images/Wyniki/Raman/plotGaP.png>
Package pdftex.def Info: Images/Wyniki/Raman/plotGaP.png  used on input line 22
.
(pdftex.def)             Requested size: 364.19667pt x 263.65822pt.
 [36 <./Images/Wyniki/Raman/plotGapWithGa2S3.png>]
<Images/Wyniki/WidmoPolaryzacyjne/plot5GaP.pdf, id=225, 260.975pt x 287.0725pt>

File: Images/Wyniki/WidmoPolaryzacyjne/plot5GaP.pdf Graphic file (type pdf)
<use Images/Wyniki/WidmoPolaryzacyjne/plot5GaP.pdf>
Package pdftex.def Info: Images/Wyniki/WidmoPolaryzacyjne/plot5GaP.pdf  used on
 input line 30.
(pdftex.def)             Requested size: 182.09833pt x 200.30984pt.
<Images/Wyniki/WidmoPolaryzacyjne/plot7GaP.pdf, id=226, 260.975pt x 287.0725pt>

File: Images/Wyniki/WidmoPolaryzacyjne/plot7GaP.pdf Graphic file (type pdf)
<use Images/Wyniki/WidmoPolaryzacyjne/plot7GaP.pdf>
Package pdftex.def Info: Images/Wyniki/WidmoPolaryzacyjne/plot7GaP.pdf  used on
 input line 34.
(pdftex.def)             Requested size: 182.09833pt x 200.30984pt.

Overfull \hbox (2.42162pt too wide) in paragraph at lines 29--36
[]$[]$  $[]$ 
 []

<Images/Wyniki/Raman/plotVVandVH.png, id=227, 578.16pt x 418.56375pt>
File: Images/Wyniki/Raman/plotVVandVH.png Graphic file (type png)
<use Images/Wyniki/Raman/plotVVandVH.png>
Package pdftex.def Info: Images/Wyniki/Raman/plotVVandVH.png  used on input lin
e 43.
(pdftex.def)             Requested size: 364.19667pt x 263.65822pt.
[37 <./Images/Wyniki/Raman/plotGaP.png> <./Images/Wyniki/WidmoPolaryzacyjne/plo
t5GaP.pdf> <./Images/Wyniki/WidmoPolaryzacyjne/plot7GaP.pdf

pdfTeX warning: pdflatex.exe (file ./Images/Wyniki/WidmoPolaryzacyjne/plot7GaP.
pdf): PDF inclusion: multiple pdfs with page group included in a single page
>]
<Images/Wyniki/Raman/plotAllVV.pdf, id=246, 578.16pt x 381.425pt>
File: Images/Wyniki/Raman/plotAllVV.pdf Graphic file (type pdf)
<use Images/Wyniki/Raman/plotAllVV.pdf>
Package pdftex.def Info: Images/Wyniki/Raman/plotAllVV.pdf  used on input line 
52.
(pdftex.def)             Requested size: 364.19667pt x 240.26408pt.
 [38 <./Images/Wyniki/Raman/plotVVandVH.png>]
<Images/Wyniki/WidmoPolaryzacyjne/plot117.pdf, id=251, 310.15875pt x 262.9825pt
>
File: Images/Wyniki/WidmoPolaryzacyjne/plot117.pdf Graphic file (type pdf)
<use Images/Wyniki/WidmoPolaryzacyjne/plot117.pdf>
Package pdftex.def Info: Images/Wyniki/WidmoPolaryzacyjne/plot117.pdf  used on 
input line 61.
(pdftex.def)             Requested size: 341.43307pt x 289.49832pt.
 [39 <./Images/Wyniki/Raman/plotAllVV.pdf>]
<Images/Wyniki/WidmoPolaryzacyjne/plot143.pdf, id=282, 310.15875pt x 262.9825pt
>
File: Images/Wyniki/WidmoPolaryzacyjne/plot143.pdf Graphic file (type pdf)
<use Images/Wyniki/WidmoPolaryzacyjne/plot143.pdf>
Package pdftex.def Info: Images/Wyniki/WidmoPolaryzacyjne/plot143.pdf  used on 
input line 68.
(pdftex.def)             Requested size: 341.43307pt x 289.49832pt.
<Images/Wyniki/WidmoPolaryzacyjne/plot149.pdf, id=283, 310.15875pt x 262.9825pt
>
File: Images/Wyniki/WidmoPolaryzacyjne/plot149.pdf Graphic file (type pdf)
<use Images/Wyniki/WidmoPolaryzacyjne/plot149.pdf>
Package pdftex.def Info: Images/Wyniki/WidmoPolaryzacyjne/plot149.pdf  used on 
input line 75.
(pdftex.def)             Requested size: 341.43307pt x 289.49832pt.
 [40 <./Images/Wyniki/WidmoPolaryzacyjne/plot117.pdf> <./Images/Wyniki/WidmoPol
aryzacyjne/plot143.pdf

pdfTeX warning: pdflatex.exe (file ./Images/Wyniki/WidmoPolaryzacyjne/plot143.p
df): PDF inclusion: multiple pdfs with page group included in a single page
>]
<Images/Wyniki/WidmoPolaryzacyjne/plot235.pdf, id=302, 310.15875pt x 262.9825pt
>
File: Images/Wyniki/WidmoPolaryzacyjne/plot235.pdf Graphic file (type pdf)
<use Images/Wyniki/WidmoPolaryzacyjne/plot235.pdf>
Package pdftex.def Info: Images/Wyniki/WidmoPolaryzacyjne/plot235.pdf  used on 
input line 82.
(pdftex.def)             Requested size: 341.43307pt x 289.49832pt.
<Images/Wyniki/WidmoPolaryzacyjne/plot309.pdf, id=303, 310.15875pt x 262.9825pt
>
File: Images/Wyniki/WidmoPolaryzacyjne/plot309.pdf Graphic file (type pdf)
<use Images/Wyniki/WidmoPolaryzacyjne/plot309.pdf>
Package pdftex.def Info: Images/Wyniki/WidmoPolaryzacyjne/plot309.pdf  used on 
input line 89.
(pdftex.def)             Requested size: 341.43307pt x 289.49832pt.
 [41 <./Images/Wyniki/WidmoPolaryzacyjne/plot149.pdf> <./Images/Wyniki/WidmoPol
aryzacyjne/plot235.pdf

pdfTeX warning: pdflatex.exe (file ./Images/Wyniki/WidmoPolaryzacyjne/plot235.p
df): PDF inclusion: multiple pdfs with page group included in a single page
>]
<Images/Wyniki/WidmoPolaryzacyjne/plot330.pdf, id=322, 310.15875pt x 262.9825pt
>
File: Images/Wyniki/WidmoPolaryzacyjne/plot330.pdf Graphic file (type pdf)
<use Images/Wyniki/WidmoPolaryzacyjne/plot330.pdf>
Package pdftex.def Info: Images/Wyniki/WidmoPolaryzacyjne/plot330.pdf  used on 
input line 96.
(pdftex.def)             Requested size: 341.43307pt x 289.49832pt.
<Images/Wyniki/WidmoPolaryzacyjne/plot390.pdf, id=323, 310.15875pt x 262.9825pt
>
File: Images/Wyniki/WidmoPolaryzacyjne/plot390.pdf Graphic file (type pdf)
<use Images/Wyniki/WidmoPolaryzacyjne/plot390.pdf>
Package pdftex.def Info: Images/Wyniki/WidmoPolaryzacyjne/plot390.pdf  used on 
input line 103.
(pdftex.def)             Requested size: 341.43307pt x 289.49832pt.
 [42 <./Images/Wyniki/WidmoPolaryzacyjne/plot309.pdf> <./Images/Wyniki/WidmoPol
aryzacyjne/plot330.pdf

pdfTeX warning: pdflatex.exe (file ./Images/Wyniki/WidmoPolaryzacyjne/plot330.p
df): PDF inclusion: multiple pdfs with page group included in a single page
>]) (dyplom-opracowanie-wynikow.tex [43 <./Images/Wyniki/WidmoPolaryzacyjne/plo
t390.pdf>]
<Images/Opracowanie/tetraedr.jpg, id=354, 104.7915pt x 101.178pt>
File: Images/Opracowanie/tetraedr.jpg Graphic file (type jpg)
<use Images/Opracowanie/tetraedr.jpg>
Package pdftex.def Info: Images/Opracowanie/tetraedr.jpg  used on input line 9.

(pdftex.def)             Requested size: 136.57462pt x 131.87718pt.
<Images/Opracowanie/alfa_prim_Cc.png, id=355, 695.59875pt x 333.04425pt>
File: Images/Opracowanie/alfa_prim_Cc.png Graphic file (type png)
<use Images/Opracowanie/alfa_prim_Cc.png>
Package pdftex.def Info: Images/Opracowanie/alfa_prim_Cc.png  used on input lin
e 39.
(pdftex.def)             Requested size: 171.17287pt x 81.95482pt.
<Images/Opracowanie/alfa_prim_Bb.png, id=356, 472.164pt x 275.8305pt>
File: Images/Opracowanie/alfa_prim_Bb.png Graphic file (type png)
<use Images/Opracowanie/alfa_prim_Bb.png>
Package pdftex.def Info: Images/Opracowanie/alfa_prim_Bb.png  used on input lin
e 43.
(pdftex.def)             Requested size: 171.17287pt x 99.99756pt.
 [44 <./Images/Opracowanie/tetraedr.jpg>]
<Images/Opracowanie/alfa.png, id=360, 405.9165pt x 277.63725pt>
File: Images/Opracowanie/alfa.png Graphic file (type png)
<use Images/Opracowanie/alfa.png>
Package pdftex.def Info: Images/Opracowanie/alfa.png  used on input line 52.
(pdftex.def)             Requested size: 171.17287pt x 117.07709pt.
<Images/Opracowanie/beta.png, id=361, 418.56375pt x 282.45525pt>
File: Images/Opracowanie/beta.png Graphic file (type png)
<use Images/Opracowanie/beta.png>
Package pdftex.def Info: Images/Opracowanie/beta.png  used on input line 56.
(pdftex.def)             Requested size: 171.17287pt x 115.51001pt.
 [45 <./Images/Opracowanie/alfa_prim_Cc.png> <./Images/Opracowanie/alfa_prim_Bb
.png> <./Images/Opracowanie/alfa.png> <./Images/Opracowanie/beta.png>]
<Images/Opracowanie/Tensor-Cc.png, id=369, 143.3355pt x 126.4725pt>
File: Images/Opracowanie/Tensor-Cc.png Graphic file (type png)
<use Images/Opracowanie/Tensor-Cc.png>
Package pdftex.def Info: Images/Opracowanie/Tensor-Cc.png  used on input line 8
4.
(pdftex.def)             Requested size: 136.57462pt x 120.51099pt.
<Images/Wyniki/WidmoPolaryzacyjne/Dopasowania/dopasowanieVV1.pdf, id=370, 361.3
5pt x 361.35pt>
File: Images/Wyniki/WidmoPolaryzacyjne/Dopasowania/dopasowanieVV1.pdf Graphic f
ile (type pdf)
<use Images/Wyniki/WidmoPolaryzacyjne/Dopasowania/dopasowanieVV1.pdf>
Package pdftex.def Info: Images/Wyniki/WidmoPolaryzacyjne/Dopasowania/dopasowan
ieVV1.pdf  used on input line 98.
(pdftex.def)             Requested size: 227.62206pt x 227.62413pt.
<Images/Wyniki/WidmoPolaryzacyjne/Dopasowania/dopasowanieVV4.pdf, id=371, 361.3
5pt x 361.35pt>
File: Images/Wyniki/WidmoPolaryzacyjne/Dopasowania/dopasowanieVV4.pdf Graphic f
ile (type pdf)
<use Images/Wyniki/WidmoPolaryzacyjne/Dopasowania/dopasowanieVV4.pdf>
Package pdftex.def Info: Images/Wyniki/WidmoPolaryzacyjne/Dopasowania/dopasowan
ieVV4.pdf  used on input line 105.
(pdftex.def)             Requested size: 227.62206pt x 227.62413pt.
 [46 <./Images/Opracowanie/Tensor-Cc.png> <./Images/Wyniki/WidmoPolaryzacyjne/D
opasowania/dopasowanieVV1.pdf>]
<Images/Wyniki/WidmoPolaryzacyjne/Dopasowania/dopasowanieVV7.pdf, id=384, 361.3
5pt x 361.35pt>
File: Images/Wyniki/WidmoPolaryzacyjne/Dopasowania/dopasowanieVV7.pdf Graphic f
ile (type pdf)
<use Images/Wyniki/WidmoPolaryzacyjne/Dopasowania/dopasowanieVV7.pdf>
Package pdftex.def Info: Images/Wyniki/WidmoPolaryzacyjne/Dopasowania/dopasowan
ieVV7.pdf  used on input line 112.
(pdftex.def)             Requested size: 227.62206pt x 227.62413pt.

[47 <./Images/Wyniki/WidmoPolaryzacyjne/Dopasowania/dopasowanieVV4.pdf> <./Imag
es/Wyniki/WidmoPolaryzacyjne/Dopasowania/dopasowanieVV7.pdf

pdfTeX warning: pdflatex.exe (file ./Images/Wyniki/WidmoPolaryzacyjne/Dopasowan
ia/dopasowanieVV7.pdf): PDF inclusion: multiple pdfs with page group included i
n a single page
>]) (dyplom-podsumowanie.tex [48]) (bibliografija.tex [49]
Underfull \hbox (badness 1308) in paragraph at lines 9--10
[]\T1/cmr/m/n/10.95 Adrian Ka-mi«-ski, In-sty-tut Fi-zyki UAM $\OT1/cmr/m/n/10.
95 "$\T1/cmr/m/n/10.95 Spektroskopia Ra-mana  drga-nia i widmo
 []

[50] [51]) [52] (dyplom.aux) ) 
Here is how much of TeX's memory you used:
 6485 strings out of 492973
 100713 string characters out of 3127579
 194260 words of memory out of 3000000
 10116 multiletter control sequences out of 15000+200000
 24838 words of font info for 64 fonts, out of 3000000 for 9000
 1141 hyphenation exceptions out of 8191
 39i,18n,34p,1859b,1560s stack positions out of 5000i,500n,10000p,200000b,50000s
 <C:\Users\vit\AppData\Local\MiKTeX\2.9\fonts\pk\
ljfour\jknappen\ec\dpi600\ecrm0900.pk> <C:\Users\vit\AppData\Local\MiKTeX\2.9\f
onts\pk\ljfour\jknappen\ec\dpi600\ecrm0600.pk> <C:\Users\vit\AppData\Local\MiKT
eX\2.9\fonts\pk\ljfour\jknappen\ec\dpi600\ecrm0800.pk> <C:\Users\vit\AppData\Lo
cal\MiKTeX\2.9\fonts\pk\ljfour\jknappen\ec\dpi600\ecti1095.pk> <C:\Users\vit\Ap
pData\Local\MiKTeX\2.9\fonts\pk\ljfour\jknappen\ec\dpi600\ecbx1200.pk> <C:\User
s\vit\AppData\Local\MiKTeX\2.9\fonts\pk\ljfour\jknappen\ec\dpi600\ecbx1095.pk> 
<C:\Users\vit\AppData\Local\MiKTeX\2.9\fonts\pk\ljfour\jknappen\ec\dpi600\ecbx1
440.pk> <C:\Users\vit\AppData\Local\MiKTeX\2.9\fonts\pk\ljfour\jknappen\ec\dpi6
00\ecbx2074.pk> <C:\Users\vit\AppData\Local\MiKTeX\2.9\fonts\pk\ljfour\jknappen
\ec\dpi600\ecxc1440.pk> <C:\Users\vit\AppData\Local\MiKTeX\2.9\fonts\pk\ljfour\
jknappen\ec\dpi600\ecrm1095.pk> <C:\Users\vit\AppData\Local\MiKTeX\2.9\fonts\pk
\ljfour\jknappen\ec\dpi600\ecxc2488.pk><C:/Users/vit/AppData/Local/Programs/MiK
TeX 2.9/fonts/type1/public/amsfonts/cm/cmbx10.pfb><C:/Users/vit/AppData/Local/P
rograms/MiKTeX 2.9/fonts/type1/public/amsfonts/cm/cmbx12.pfb><C:/Users/vit/AppD
ata/Local/Programs/MiKTeX 2.9/fonts/type1/public/amsfonts/cm/cmbx8.pfb><C:/User
s/vit/AppData/Local/Programs/MiKTeX 2.9/fonts/type1/public/amsfonts/cm/cmex10.p
fb><C:/Users/vit/AppData/Local/Programs/MiKTeX 2.9/fonts/type1/public/amsfonts/
cm/cmmi10.pfb><C:/Users/vit/AppData/Local/Programs/MiKTeX 2.9/fonts/type1/publi
c/amsfonts/cm/cmmi6.pfb><C:/Users/vit/AppData/Local/Programs/MiKTeX 2.9/fonts/t
ype1/public/amsfonts/cm/cmmi8.pfb><C:/Users/vit/AppData/Local/Programs/MiKTeX 2
.9/fonts/type1/public/amsfonts/cm/cmr10.pfb><C:/Users/vit/AppData/Local/Program
s/MiKTeX 2.9/fonts/type1/public/amsfonts/cm/cmr6.pfb><C:/Users/vit/AppData/Loca
l/Programs/MiKTeX 2.9/fonts/type1/public/amsfonts/cm/cmr8.pfb><C:/Users/vit/App
Data/Local/Programs/MiKTeX 2.9/fonts/type1/public/amsfonts/cm/cmsy10.pfb><C:/Us
ers/vit/AppData/Local/Programs/MiKTeX 2.9/fonts/type1/public/amsfonts/cm/cmsy6.
pfb><C:/Users/vit/AppData/Local/Programs/MiKTeX 2.9/fonts/type1/public/amsfonts
/cm/cmsy8.pfb>
Output written on dyplom.pdf (53 pages, 10321984 bytes).
PDF statistics:
 876 PDF objects out of 1000 (max. 8388607)
 0 named destinations out of 1000 (max. 500000)
 321 words of extra memory for PDF output out of 10000 (max. 10000000)

